<?xml version="1.0" encoding="UTF-8"?>
<testng-results ignored="0" total="1" passed="1" failed="0" skipped="0">
  <reporter-output>
  </reporter-output>
  <suite started-at="2023-08-15T10:22:43 IST" name="Default suite" finished-at="2023-08-15T10:23:25 IST" duration-ms="41851">
    <groups>
    </groups>
    <test started-at="2023-08-15T10:22:43 IST" name="Default test" finished-at="2023-08-15T10:23:25 IST" duration-ms="41851">
      <class name="FlyAwayTestcases.FlightBookTest">
        <test-method is-config="true" signature="openUrl()[pri:0, instance:FlyAwayTestcases.FlightBookTest@2b40ff9c]" started-at="2023-08-15T10:22:43 IST" name="openUrl" finished-at="2023-08-15T10:23:18 IST" duration-ms="34715" status="PASS">
          <reporter-output>
          </reporter-output>
        </test-method> <!-- openUrl -->
        <test-method signature="flightBookingTest()[pri:0, instance:FlyAwayTestcases.FlightBookTest@2b40ff9c]" started-at="2023-08-15T10:23:19 IST" name="flightBookingTest" finished-at="2023-08-15T10:23:25 IST" duration-ms="5964" status="PASS">
          <reporter-output>
          </reporter-output>
        </test-method> <!-- flightBookingTest -->
      </class> <!-- FlyAwayTestcases.FlightBookTest -->
    </test> <!-- Default test -->
  </suite> <!-- Default suite -->
</testng-results>
